{
  "RSpec": {
    "coverage": {
      "/Users/dh/Desktop/suggestotron/spec/controllers/widgets_controller_spec.rb": [
        null
      ],
      "/Users/dh/Desktop/suggestotron/spec/helpers/widgets_helper_spec.rb": [
        1,
        null,
        null,
        null,
        null,
        null,
        null,
        null,
        null,
        null,
        null,
        null,
        1,
        1,
        null
      ],
      "/Users/dh/Desktop/suggestotron/spec/rails_helper.rb": [
        null,
        1,
        1,
        null,
        1,
        1,
        1,
        null,
        null,
        null,
        null,
        null,
        null,
        null,
        null,
        null,
        null,
        null,
        null,
        null,
        null,
        null,
        null,
        null,
        null,
        null,
        1,
        null,
        1,
        null,
        1,
        null,
        null,
        null,
        null,
        1,
        null,
        null,
        null,
        null,
        null,
        null,
        null,
        null,
        null,
        null,
        null,
        null,
        null,
        null,
        1,
        null,
        null,
        1,
        null,
        null,
        null
      ],
      "/Users/dh/Desktop/suggestotron/config/environment.rb": [
        null,
        1,
        null,
        null,
        1
      ],
      "/Users/dh/Desktop/suggestotron/config/application.rb": [
        1,
        null,
        1,
        null,
        null,
        null,
        1,
        null,
        1,
        1,
        null,
        null,
        1,
        1,
        null,
        null,
        null,
        null,
        null
      ],
      "/Users/dh/Desktop/suggestotron/config/boot.rb": [
        1,
        null,
        1
      ],
      "/Users/dh/Desktop/suggestotron/config/environments/test.rb": [
        1,
        null,
        null,
        null,
        null,
        null,
        null,
        1,
        null,
        null,
        null,
        null,
        1,
        null,
        null,
        1,
        1,
        null,
        null,
        null,
        null,
        1,
        1,
        null,
        null,
        1,
        null,
        null,
        1,
        1,
        null,
        null,
        null,
        null,
        1,
        null,
        null,
        1,
        null,
        null,
        null,
        null
      ],
      "/Users/dh/Desktop/suggestotron/config/initializers/application_controller_renderer.rb": [
        null,
        null,
        null,
        null,
        null,
        null
      ],
      "/Users/dh/Desktop/suggestotron/config/initializers/assets.rb": [
        null,
        null,
        null,
        1,
        null,
        null,
        null,
        null,
        null,
        null,
        null
      ],
      "/Users/dh/Desktop/suggestotron/config/initializers/backtrace_silencers.rb": [
        null,
        null,
        null,
        null,
        null,
        null,
        null
      ],
      "/Users/dh/Desktop/suggestotron/config/initializers/cookies_serializer.rb": [
        null,
        null,
        null,
        null,
        1
      ],
      "/Users/dh/Desktop/suggestotron/config/initializers/filter_parameter_logging.rb": [
        null,
        null,
        null,
        1
      ],
      "/Users/dh/Desktop/suggestotron/config/initializers/inflections.rb": [
        null,
        null,
        null,
        null,
        null,
        null,
        null,
        null,
        null,
        null,
        null,
        null,
        null,
        null,
        null,
        null
      ],
      "/Users/dh/Desktop/suggestotron/config/initializers/mime_types.rb": [
        null,
        null,
        null,
        null
      ],
      "/Users/dh/Desktop/suggestotron/config/initializers/new_framework_defaults.rb": [
        null,
        null,
        null,
        null,
        null,
        null,
        null,
        1,
        null,
        null,
        1,
        null,
        null,
        null,
        1,
        null,
        null,
        1,
        null,
        null,
        1,
        null,
        null,
        1
      ],
      "/Users/dh/Desktop/suggestotron/config/initializers/session_store.rb": [
        null,
        null,
        1
      ],
      "/Users/dh/Desktop/suggestotron/config/initializers/wrap_parameters.rb": [
        null,
        null,
        null,
        null,
        null,
        null,
        1,
        2,
        null,
        null,
        null,
        null,
        null,
        null
      ],
      "/Users/dh/Desktop/suggestotron/app/helpers/application_helper.rb": [
        1,
        null
      ],
      "/Users/dh/Desktop/suggestotron/app/helpers/stars_helper.rb": [
        1,
        null
      ],
      "/Users/dh/Desktop/suggestotron/app/helpers/topics_helper.rb": [
        1,
        null
      ],
      "/Users/dh/Desktop/suggestotron/app/helpers/vote_helper.rb": [
        1,
        null
      ],
      "/Users/dh/Desktop/suggestotron/app/helpers/votes_helper.rb": [
        1,
        null
      ],
      "/Users/dh/Desktop/suggestotron/app/helpers/widgets_helper.rb": [
        1,
        null
      ],
      "/Users/dh/Desktop/suggestotron/config/routes.rb": [
        1,
        1,
        1,
        1,
        1,
        null,
        1,
        1,
        null,
        1,
        1,
        null,
        null,
        1,
        null,
        null,
        null,
        null,
        null,
        1,
        null,
        null,
        null
      ],
      "/Users/dh/Desktop/suggestotron/spec/models/widget_spec.rb": [
        1,
        null,
        1,
        1,
        null
      ],
      "/Users/dh/Desktop/suggestotron/app/models/widget.rb": [
        1,
        null
      ],
      "/Users/dh/Desktop/suggestotron/app/models/application_record.rb": [
        1,
        1,
        null
      ],
      "/Users/dh/Desktop/suggestotron/spec/requests/widgets_spec.rb": [
        1,
        null,
        1,
        1,
        1,
        1,
        1,
        null,
        null,
        null
      ],
      "/Users/dh/Desktop/suggestotron/spec/routing/widgets_routing_spec.rb": [
        1,
        null,
        1,
        1,
        null,
        1,
        1,
        null,
        null,
        1,
        1,
        null,
        null,
        1,
        1,
        null,
        null,
        1,
        1,
        null,
        null,
        1,
        1,
        null,
        null,
        1,
        1,
        null,
        null,
        1,
        1,
        null,
        null,
        1,
        1,
        null,
        null,
        null,
        null
      ],
      "/Users/dh/Desktop/suggestotron/app/controllers/widgets_controller.rb": [
        1,
        1,
        null,
        null,
        null,
        1,
        1,
        null,
        null,
        null,
        null,
        1,
        null,
        null,
        null,
        1,
        0,
        null,
        null,
        null,
        1,
        null,
        null,
        null,
        null,
        1,
        0,
        null,
        0,
        0,
        0,
        0,
        null,
        0,
        0,
        null,
        null,
        null,
        null,
        null,
        null,
        1,
        0,
        0,
        0,
        0,
        null,
        0,
        0,
        null,
        null,
        null,
        null,
        null,
        null,
        1,
        0,
        0,
        0,
        0,
        null,
        null,
        null,
        1,
        null,
        1,
        0,
        null,
        null,
        null,
        1,
        0,
        null,
        null
      ],
      "/Users/dh/Desktop/suggestotron/app/controllers/application_controller.rb": [
        1,
        1,
        1,
        null,
        1,
        1,
        null,
        null,
        null,
        null,
        null,
        null,
        null,
        null
      ],
      "/Users/dh/Desktop/suggestotron/spec/views/widgets/edit.html.erb_spec.rb": [
        1,
        null,
        1,
        1,
        1,
        null,
        null,
        null,
        null,
        1,
        1,
        null,
        1,
        null,
        1,
        null,
        null,
        null
      ],
      "/Users/dh/Desktop/suggestotron/spec/views/widgets/index.html.erb_spec.rb": [
        1,
        null,
        1,
        1,
        1,
        null,
        null,
        null,
        null,
        null,
        null,
        null,
        null,
        null,
        1,
        1,
        1,
        null,
        null
      ],
      "/Users/dh/Desktop/suggestotron/spec/views/widgets/new.html.erb_spec.rb": [
        1,
        null,
        1,
        1,
        1,
        null,
        null,
        null,
        null,
        1,
        1,
        null,
        1,
        null,
        1,
        null,
        null,
        null
      ],
      "/Users/dh/Desktop/suggestotron/spec/views/widgets/show.html.erb_spec.rb": [
        1,
        null,
        1,
        1,
        1,
        null,
        null,
        null,
        null,
        1,
        1,
        1,
        null,
        null
      ]
    },
    "timestamp": 1490795784
  }
}
